tipo_sort ord_vetor tamanho_vetor n_comp n_mov tempo
QPE Ale 50000 745820 400420 0.0074845
QPE Ale 100000 1.58297e+06 848493 0.015685
QPE Ale 150000 2.51677e+06 1.31256e+06 0.024713
QPE Ale 200000 3.41194e+06 1.79096e+06 0.0364505
QPE Ale 250000 4.3268e+06 2.27377e+06 0.042237
QPE Ale 300000 5.3796e+06 2.75726e+06 0.0575965
QPE Ale 350000 6.19988e+06 3.25961e+06 0.0603615
QPE Ale 400000 7.2398e+06 3.7641e+06 0.07821
QPE Ale 450000 8.23743e+06 4.26687e+06 0.083331
QPE Ale 500000 9.28888e+06 4.77566e+06 0.088144
QPE OrdC 50000 1.24998e+09 99998 3.02348
QPE OrdC 100000 4.99995e+09 199998 11.6203
QPE OrdC 150000 1.12499e+10 299998 26.1784
QPE OrdC 200000 1.99999e+10 399998 46.1675
QPE OrdC 250000 3.12499e+10 499998 72.6541
QPE OrdC 300000 4.49998e+10 599998 103.776
QPE OrdC 350000 6.12498e+10 699998 146.828
QPE OrdC 400000 7.99998e+10 799998 193.969
QPE OrdC 450000 1.0125e+11 899998 248.216
QPE OrdC 500000 1.25e+11 999998 306.017
QPE OrdD 50000 1.24995e+09 99998 2.9834
QPE OrdD 100000 4.9999e+09 199998 11.9124
QPE OrdD 150000 1.12499e+10 299998 26.913
QPE OrdD 200000 1.99998e+10 399998 47.9003
QPE OrdD 250000 3.12498e+10 499998 73.8789
QPE OrdD 300000 4.49997e+10 599998 106.433
QPE OrdD 350000 6.12497e+10 699998 145.619
QPE OrdD 400000 7.99996e+10 799998 188.056
QPE OrdD 450000 1.0125e+11 899998 238.231
QPE OrdD 500000 1.24999e+11 999998 302.674
QNR Ale 50000 78286 39670.3 0.000612
QNR Ale 100000 137758 59679.3 0.0019975
QNR Ale 150000 235522 103737 0.0020615
QNR Ale 200000 357917 205262 0.003731
QNR Ale 250000 474591 220402 0.003542
QNR Ale 300000 619772 288652 0.0053935
QNR Ale 350000 622447 292332 0.002915
QNR Ale 400000 715342 321846 0.003055
QNR Ale 450000 699305 335267 0.003894
QNR Ale 500000 780266 410327 0.006767
QNR OrdC 50000 684481 65534 0.003168
QNR OrdC 100000 1.46895e+06 131070 0.007783
QNR OrdC 150000 2.28788e+06 168928 0.009392
QNR OrdC 200000 3.13788e+06 262142 0.0146
QNR OrdC 250000 3.98788e+06 262142 0.015885
QNR OrdC 300000 4.87573e+06 337856 0.020364
QNR OrdC 350000 5.77573e+06 437856 0.0240145
QNR OrdC 400000 6.67573e+06 524286 0.029416
QNR OrdC 450000 7.57573e+06 524286 0.0303025
QNR OrdC 500000 8.47573e+06 524286 0.0334995
QNR OrdD 50000 634496 115532 0.003243
QNR OrdD 100000 1.36896e+06 231068 0.007607
QNR OrdD 150000 2.13789e+06 318928 0.0096315
QNR OrdD 200000 2.93789e+06 462140 0.0138975
QNR OrdD 250000 3.73789e+06 512140 0.016931
QNR OrdD 300000 4.57575e+06 637856 0.020941
QNR OrdD 350000 5.42575e+06 787856 0.0257795
QNR OrdD 400000 6.27575e+06 924284 0.0288555
QNR OrdD 450000 7.12575e+06 974284 0.034352
QNR OrdD 500000 7.97575e+06 1.02428e+06 0.033203
QC Ale 50000 618210 398626 0.0070565
QC Ale 100000 1.33991e+06 843156 0.014791
QC Ale 150000 2.13549e+06 1.30225e+06 0.023085
QC Ale 200000 2.78667e+06 1.78359e+06 0.0317435
QC Ale 250000 3.67396e+06 2.25933e+06 0.040583
QC Ale 300000 4.49381e+06 2.7497e+06 0.0495625
QC Ale 350000 5.29786e+06 3.24605e+06 0.0580485
QC Ale 400000 6.15113e+06 3.74331e+06 0.0661785
QC Ale 450000 6.90737e+06 4.25123e+06 0.0764225
QC Ale 500000 7.75802e+06 4.7555e+06 0.0852545
QC OrdC 50000 684481 65534 0.0020855
QC OrdC 100000 1.46895e+06 131070 0.004463
QC OrdC 150000 2.28788e+06 168928 0.0078705
QC OrdC 200000 3.13788e+06 262142 0.00927
QC OrdC 250000 3.98788e+06 262142 0.0111875
QC OrdC 300000 4.87573e+06 337856 0.013831
QC OrdC 350000 5.77573e+06 437856 0.0180185
QC OrdC 400000 6.67573e+06 524286 0.0208825
QC OrdC 450000 7.57573e+06 524286 0.021488
QC OrdC 500000 8.47573e+06 524286 0.02371
QC OrdD 50000 634496 115532 0.0021875
QC OrdD 100000 1.36896e+06 231068 0.004657
QC OrdD 150000 2.13789e+06 318928 0.0078285
QC OrdD 200000 2.93789e+06 462140 0.010377
QC OrdD 250000 3.73789e+06 512140 0.01162
QC OrdD 300000 4.57575e+06 637856 0.0143255
QC OrdD 350000 5.42575e+06 787856 0.0187975
QC OrdD 400000 6.27575e+06 924284 0.0211805
QC OrdD 450000 7.12575e+06 974284 0.0231815
QC OrdD 500000 7.97575e+06 1.02428e+06 0.0258585
QM3 Ale 50000 516804 409411 0.0075855
QM3 Ale 100000 1.10851e+06 866479 0.016687
QM3 Ale 150000 1.7454e+06 1.34009e+06 0.0244575
QM3 Ale 200000 2.37858e+06 1.82671e+06 0.0342545
QM3 Ale 250000 3.01504e+06 2.32137e+06 0.041933
QM3 Ale 300000 3.709e+06 2.82368e+06 0.0520055
QM3 Ale 350000 4.34566e+06 3.33177e+06 0.0617635
QM3 Ale 400000 5.08782e+06 3.83956e+06 0.070806
QM3 Ale 450000 5.80224e+06 4.35447e+06 0.0795475
QM3 Ale 500000 6.4572e+06 4.87679e+06 0.089119
QM3 OrdC 50000 684481 65534 0.0025365
QM3 OrdC 100000 1.46895e+06 131070 0.007926
QM3 OrdC 150000 2.28788e+06 168928 0.0078815
QM3 OrdC 200000 3.13788e+06 262142 0.0110125
QM3 OrdC 250000 3.98788e+06 262142 0.0134525
QM3 OrdC 300000 4.87573e+06 337856 0.016483
QM3 OrdC 350000 5.77573e+06 437856 0.019638
QM3 OrdC 400000 6.67573e+06 524286 0.024017
QM3 OrdC 450000 7.57573e+06 524286 0.0266655
QM3 OrdC 500000 8.47573e+06 524286 0.0295085
QM3 OrdD 50000 634496 115532 0.002637
QM3 OrdD 100000 1.36896e+06 231068 0.006346
QM3 OrdD 150000 2.13789e+06 318928 0.008372
QM3 OrdD 200000 2.93789e+06 462140 0.01267
QM3 OrdD 250000 3.73789e+06 512140 0.013755
QM3 OrdD 300000 4.57575e+06 637856 0.017265
QM3 OrdD 350000 5.42575e+06 787856 0.0205225
QM3 OrdD 400000 6.27575e+06 924284 0.0250395
QM3 OrdD 450000 7.12575e+06 974284 0.02669
QM3 OrdD 500000 7.97575e+06 1.02428e+06 0.029825
QI1 Ale 50000 4.46806e+06 4.41416e+06 0.017008
QI1 Ale 100000 1.7568e+07 1.74608e+07 0.062983
QI1 Ale 150000 3.89181e+07 3.87407e+07 0.131539
QI1 Ale 200000 6.87179e+07 6.84987e+07 0.231413
QI1 Ale 250000 1.07651e+08 1.07397e+08 0.365429
QI1 Ale 300000 1.53558e+08 1.53222e+08 0.515908
QI1 Ale 350000 2.11206e+08 2.10861e+08 0.7215
QI1 Ale 400000 2.73147e+08 2.72678e+08 0.899723
QI1 Ale 450000 3.48454e+08 3.47902e+08 1.14881
QI1 Ale 500000 4.29536e+08 4.28975e+08 1.44374
QI1 OrdC 50000 349753 49871 0.001026
QI1 OrdC 100000 699753 99871 0.0020535
QI1 OrdC 150000 1.04975e+06 149871 0.003213
QI1 OrdC 200000 1.39975e+06 199871 0.004196
QI1 OrdC 250000 1.74975e+06 249871 0.0075135
QI1 OrdC 300000 2.09975e+06 299871 0.007616
QI1 OrdC 350000 2.44975e+06 349871 0.0083865
QI1 OrdC 400000 2.79975e+06 399871 0.0082795
QI1 OrdC 450000 3.14975e+06 449871 0.0107155
QI1 OrdC 500000 3.49975e+06 499871 0.0102805
QI1 OrdD 50000 299760 99870 0.0011105
QI1 OrdD 100000 599760 199870 0.002414
QI1 OrdD 150000 899760 299870 0.0033215
QI1 OrdD 200000 1.19976e+06 399870 0.0055795
QI1 OrdD 250000 1.49976e+06 499870 0.0092695
QI1 OrdD 300000 1.79976e+06 599870 0.006667
QI1 OrdD 350000 2.09976e+06 699870 0.007837
QI1 OrdD 400000 2.39976e+06 799870 0.0089175
QI1 OrdD 450000 2.69976e+06 899870 0.00999
QI1 OrdD 500000 2.99976e+06 999870 0.0114575
QI5 Ale 50000 2.1776e+07 2.1757e+07 0.0729065
QI5 Ale 100000 8.43126e+07 8.42711e+07 0.275277
QI5 Ale 150000 1.96086e+08 1.96019e+08 0.646408
QI5 Ale 200000 3.38058e+08 3.37976e+08 1.06795
QI5 Ale 250000 5.2948e+08 5.2939e+08 1.75266
QI5 Ale 300000 7.71342e+08 7.71213e+08 2.48734
QI5 Ale 350000 1.03898e+09 1.03886e+09 3.3441
QI5 Ale 400000 1.35002e+09 1.34983e+09 4.35766
QI5 Ale 450000 1.76568e+09 1.76545e+09 5.86892
QI5 Ale 500000 2.11634e+09 2.11612e+09 6.94023
QI5 OrdC 50000 249943 49967 0.0008105
QI5 OrdC 100000 499943 99967 0.0016965
QI5 OrdC 150000 749943 149967 0.0024065
QI5 OrdC 200000 999943 199967 0.0031705
QI5 OrdC 250000 1.24994e+06 249967 0.004109
QI5 OrdC 300000 1.49994e+06 299967 0.0061845
QI5 OrdC 350000 1.74994e+06 349967 0.0083775
QI5 OrdC 400000 1.99994e+06 399967 0.0075945
QI5 OrdC 450000 2.24994e+06 449967 0.007667
QI5 OrdC 500000 2.49994e+06 499967 0.008033
QI5 OrdD 50000 199948 99966 0.0008955
QI5 OrdD 100000 399948 199966 0.0017525
QI5 OrdD 150000 599948 299966 0.0026295
QI5 OrdD 200000 799948 399966 0.0035035
QI5 OrdD 250000 999948 499966 0.00591
QI5 OrdD 300000 1.19995e+06 599966 0.007778
QI5 OrdD 350000 1.39995e+06 699966 0.0061785
QI5 OrdD 400000 1.59995e+06 799966 0.007614
QI5 OrdD 450000 1.79995e+06 899966 0.0090765
QI5 OrdD 500000 1.99995e+06 999966 0.010139
QI10 Ale 50000 4.25444e+07 4.25392e+07 0.138684
QI10 Ale 100000 1.67195e+08 1.67185e+08 0.513732
QI10 Ale 150000 3.88069e+08 3.88044e+08 1.26526
QI10 Ale 200000 6.76309e+08 6.76282e+08 2.19243
QI10 Ale 250000 1.05288e+09 1.05285e+09 3.73377
QI10 Ale 300000 1.47472e+09 1.47466e+09 4.8691
QI10 Ale 350000 2.13709e+09 2.13706e+09 6.98981
QI10 Ale 400000 2.71319e+09 2.71312e+09 9.10456
QI10 Ale 450000 3.46992e+09 3.46982e+09 10.8017
QI10 Ale 500000 4.34159e+09 4.34151e+09 14.3452
QI10 OrdC 50000 199974 49983 0.0006775
QI10 OrdC 100000 399974 99983 0.001371
QI10 OrdC 150000 599974 149983 0.0020505
QI10 OrdC 200000 799974 199983 0.002712
QI10 OrdC 250000 999974 249983 0.0038055
QI10 OrdC 300000 1.19997e+06 299983 0.005798
QI10 OrdC 350000 1.39997e+06 349983 0.006977
QI10 OrdC 400000 1.59997e+06 399983 0.0084255
QI10 OrdC 450000 1.79997e+06 449983 0.00908
QI10 OrdC 500000 1.99997e+06 499983 0.0069245
QI10 OrdD 50000 149978 99982 0.0007765
QI10 OrdD 100000 299978 199982 0.0015735
QI10 OrdD 150000 449978 299982 0.0023185
QI10 OrdD 200000 599978 399982 0.003042
QI10 OrdD 250000 749978 499982 0.0039615
QI10 OrdD 300000 899978 599982 0.006216
QI10 OrdD 350000 1.04998e+06 699982 0.0079575
QI10 OrdD 400000 1.19998e+06 799982 0.0075805
QI10 OrdD 450000 1.34998e+06 899982 0.006904
QI10 OrdD 500000 1.49998e+06 999982 0.0077095
